<?xml version="1.0" encoding="UTF-8"?>
<!-- Generated by org.testng.reporters.JUnitXMLReporter -->
<testsuite ignored="0" hostname="Anamikasaluja" failures="0" tests="1" name="Home" time="7.936" errors="0" timestamp="2020-08-25T16:59:36 IST">
  <testcase classname="Base.BasePage" name="@BeforeMethod init" time="0.004">
    <skipped/>
  </testcase> <!-- @BeforeMethod init -->
  <testcase classname="Base.BasePage" name="@AfterMethod afterMethod" time="-1.598354975693E9">
    <skipped/>
  </testcase> <!-- @AfterMethod afterMethod -->
  <testcase classname="TestCases.Searches" name="testCase_Search" time="0.0">
    <skipped/>
  </testcase> <!-- testCase_Search -->
</testsuite> <!-- Home -->
