<?xml version="1.0" encoding="UTF-8"?>
<!-- Generated by org.testng.reporters.JUnitXMLReporter -->
<testsuite ignored="0" hostname="Anamikasaluja" failures="0" tests="3" name="negativeLogin" time="25.758" errors="0" timestamp="2020-08-25T17:00:02 IST">
  <testcase classname="TestCases.NegativeLogin" name="testCase_NegativeLogin" time="7.958"/>
  <testcase classname="TestCases.NegativeLogin" name="testCase_NegativeLogin" time="5.712"/>
  <testcase classname="TestCases.NegativeLogin" name="testCase_NegativeLogin" time="5.67"/>
</testsuite> <!-- negativeLogin -->
